<?xml version="1.0" encoding="UTF-8"?>
<!-- Generated by org.testng.reporters.JUnitReportReporter -->
<testsuite hostname="BABLOO-24" failures="0" tests="1" name="ai.iamneo.assignmentfive.Testing_Selenium_TestngFive.AppTest" time="32.125" errors="0" timestamp="2023-05-27T17:32:26 IST" skipped="0">
  <testcase classname="ai.iamneo.assignmentfive.Testing_Selenium_TestngFive.AppTest" name="inputButton" time="32.125"/>
  <system-out/>
</testsuite> <!-- ai.iamneo.assignmentfive.Testing_Selenium_TestngFive.AppTest -->
